{"C:\\Proyecto_Pipeline\\src\\app.js": {"path":"C:\\Proyecto_Pipeline\\src\\app.js","statementMap":{"0":{"start":{"line":1,"column":16},"end":{"line":1,"column":34}},"1":{"start":{"line":2,"column":20},"end":{"line":2,"column":52}},"2":{"start":{"line":4,"column":12},"end":{"line":4,"column":21}},"3":{"start":{"line":6,"column":0},"end":{"line":6,"column":24}},"4":{"start":{"line":7,"column":0},"end":{"line":7,"column":31}},"5":{"start":{"line":9,"column":0},"end":{"line":9,"column":21}}},"fnMap":{},"branchMap":{},"s":{"0":1,"1":1,"2":1,"3":1,"4":1,"5":1},"f":{},"b":{},"_coverageSchema":"1a1c01bbd47fc00a2c39e90264f33305004495a9","hash":"9557d4ce683539814031573f18f69f83352a67f2"}
,"C:\\Proyecto_Pipeline\\src\\controllers\\items.controller.js": {"path":"C:\\Proyecto_Pipeline\\src\\controllers\\items.controller.js","statementMap":{"0":{"start":{"line":1,"column":13},"end":{"line":1,"column":36}},"1":{"start":{"line":4,"column":17},"end":{"line":7,"column":1}},"2":{"start":{"line":5,"column":17},"end":{"line":5,"column":56}},"3":{"start":{"line":6,"column":2},"end":{"line":6,"column":24}},"4":{"start":{"line":10,"column":19},"end":{"line":23,"column":1}},"5":{"start":{"line":11,"column":19},"end":{"line":11,"column":27}},"6":{"start":{"line":13,"column":2},"end":{"line":15,"column":3}},"7":{"start":{"line":14,"column":4},"end":{"line":14,"column":63}},"8":{"start":{"line":17,"column":17},"end":{"line":20,"column":3}},"9":{"start":{"line":22,"column":2},"end":{"line":22,"column":39}},"10":{"start":{"line":26,"column":19},"end":{"line":39,"column":1}},"11":{"start":{"line":27,"column":17},"end":{"line":27,"column":27}},"12":{"start":{"line":29,"column":17},"end":{"line":32,"column":3}},"13":{"start":{"line":34,"column":2},"end":{"line":36,"column":3}},"14":{"start":{"line":35,"column":4},"end":{"line":35,"column":61}},"15":{"start":{"line":38,"column":2},"end":{"line":38,"column":35}},"16":{"start":{"line":41,"column":0},"end":{"line":45,"column":2}}},"fnMap":{"0":{"name":"(anonymous_0)","decl":{"start":{"line":4,"column":17},"end":{"line":4,"column":18}},"loc":{"start":{"line":4,"column":37},"end":{"line":7,"column":1}},"line":4},"1":{"name":"(anonymous_1)","decl":{"start":{"line":10,"column":19},"end":{"line":10,"column":20}},"loc":{"start":{"line":10,"column":39},"end":{"line":23,"column":1}},"line":10},"2":{"name":"(anonymous_2)","decl":{"start":{"line":26,"column":19},"end":{"line":26,"column":20}},"loc":{"start":{"line":26,"column":39},"end":{"line":39,"column":1}},"line":26}},"branchMap":{"0":{"loc":{"start":{"line":13,"column":2},"end":{"line":15,"column":3}},"type":"if","locations":[{"start":{"line":13,"column":2},"end":{"line":15,"column":3}},{"start":{},"end":{}}],"line":13},"1":{"loc":{"start":{"line":34,"column":2},"end":{"line":36,"column":3}},"type":"if","locations":[{"start":{"line":34,"column":2},"end":{"line":36,"column":3}},{"start":{},"end":{}}],"line":34}},"s":{"0":1,"1":1,"2":2,"3":2,"4":1,"5":2,"6":2,"7":0,"8":2,"9":2,"10":1,"11":2,"12":2,"13":2,"14":1,"15":1,"16":1},"f":{"0":2,"1":2,"2":2},"b":{"0":[0,2],"1":[1,1]},"_coverageSchema":"1a1c01bbd47fc00a2c39e90264f33305004495a9","hash":"2fb5d45291adb02fde92810a7a47513956f63708"}
,"C:\\Proyecto_Pipeline\\src\\models\\db.js": {"path":"C:\\Proyecto_Pipeline\\src\\models\\db.js","statementMap":{"0":{"start":{"line":1,"column":17},"end":{"line":1,"column":30}},"1":{"start":{"line":3,"column":13},"end":{"line":9,"column":2}},"2":{"start":{"line":11,"column":0},"end":{"line":11,"column":22}}},"fnMap":{},"branchMap":{},"s":{"0":1,"1":1,"2":1},"f":{},"b":{},"_coverageSchema":"1a1c01bbd47fc00a2c39e90264f33305004495a9","hash":"2dda911430b8f640ba4eec4e05dc3728327bb8c9"}
,"C:\\Proyecto_Pipeline\\src\\routes\\items.routes.js": {"path":"C:\\Proyecto_Pipeline\\src\\routes\\items.routes.js","statementMap":{"0":{"start":{"line":1,"column":16},"end":{"line":1,"column":34}},"1":{"start":{"line":2,"column":15},"end":{"line":2,"column":31}},"2":{"start":{"line":3,"column":19},"end":{"line":3,"column":61}},"3":{"start":{"line":5,"column":0},"end":{"line":5,"column":37}},"4":{"start":{"line":6,"column":0},"end":{"line":6,"column":40}},"5":{"start":{"line":7,"column":0},"end":{"line":7,"column":45}},"6":{"start":{"line":9,"column":0},"end":{"line":9,"column":24}}},"fnMap":{},"branchMap":{},"s":{"0":1,"1":1,"2":1,"3":1,"4":1,"5":1,"6":1},"f":{},"b":{},"_coverageSchema":"1a1c01bbd47fc00a2c39e90264f33305004495a9","hash":"2309c10b8b4792b6e9dfd59308f3b8f3d7377ae9"}
}
